0 verbose cli /Users/ishaanbajaj/.nvm/versions/node/v22.22.0/bin/node /Users/ishaanbajaj/.nvm/versions/node/v22.22.0/bin/npm
1 info using npm@10.9.4
2 info using node@v22.22.0
3 silly config load:file:/Users/ishaanbajaj/.nvm/versions/node/v22.22.0/lib/node_modules/npm/npmrc
4 silly config load:file:/Users/ishaanbajaj/Desktop/staysystems/storekeeper/.npmrc
5 silly config load:file:/Users/ishaanbajaj/.npmrc
6 silly config load:file:/Users/ishaanbajaj/.nvm/versions/node/v22.22.0/etc/npmrc
7 verbose title npm install
8 verbose argv "install" "--cache" ".npm-cache"
9 verbose logfile logs-max:10 dir:/Users/ishaanbajaj/Desktop/staysystems/storekeeper/.npm-cache/_logs/2026-02-13T10_49_27_882Z-
10 verbose logfile /Users/ishaanbajaj/Desktop/staysystems/storekeeper/.npm-cache/_logs/2026-02-13T10_49_27_882Z-debug-0.log
11 silly logfile done cleaning log files
12 silly packumentCache heap:4345298944 maxSize:1086324736 maxEntrySize:543162368
13 silly idealTree buildDeps
14 silly fetch manifest tsx@^4.20.5
15 silly packumentCache full:https://registry.npmjs.org/tsx cache-miss
16 http fetch GET 200 https://registry.npmjs.org/tsx 114ms (cache miss)
17 silly packumentCache full:https://registry.npmjs.org/tsx set size:undefined disposed:false
18 silly placeDep ROOT tsx@4.21.0 OK for: storekeeper@0.1.0 want: ^4.20.5
19 silly fetch manifest esbuild@~0.27.0
20 silly packumentCache full:https://registry.npmjs.org/esbuild cache-miss
21 silly fetch manifest fsevents@~2.3.3
22 silly packumentCache full:https://registry.npmjs.org/fsevents cache-miss
23 http fetch GET 200 https://registry.npmjs.org/esbuild 71ms (cache miss)
24 silly packumentCache full:https://registry.npmjs.org/esbuild set size:undefined disposed:false
25 http fetch GET 200 https://registry.npmjs.org/fsevents 111ms (cache miss)
26 silly packumentCache full:https://registry.npmjs.org/fsevents set size:undefined disposed:false
27 silly placeDep ROOT esbuild@0.27.3 OK for: tsx@4.21.0 want: ~0.27.0
28 silly placeDep ROOT fsevents@2.3.3 OK for: tsx@4.21.0 want: ~2.3.3
29 silly fetch manifest @esbuild/aix-ppc64@0.27.3
30 silly packumentCache full:https://registry.npmjs.org/@esbuild%2faix-ppc64 cache-miss
31 silly fetch manifest @esbuild/android-arm@0.27.3
32 silly packumentCache full:https://registry.npmjs.org/@esbuild%2fandroid-arm cache-miss
33 silly fetch manifest @esbuild/android-arm64@0.27.3
34 silly packumentCache full:https://registry.npmjs.org/@esbuild%2fandroid-arm64 cache-miss
35 silly fetch manifest @esbuild/android-x64@0.27.3
36 silly packumentCache full:https://registry.npmjs.org/@esbuild%2fandroid-x64 cache-miss
37 silly fetch manifest @esbuild/darwin-arm64@0.27.3
38 silly packumentCache full:https://registry.npmjs.org/@esbuild%2fdarwin-arm64 cache-miss
39 silly fetch manifest @esbuild/darwin-x64@0.27.3
40 silly packumentCache full:https://registry.npmjs.org/@esbuild%2fdarwin-x64 cache-miss
41 silly fetch manifest @esbuild/freebsd-arm64@0.27.3
42 silly packumentCache full:https://registry.npmjs.org/@esbuild%2ffreebsd-arm64 cache-miss
43 silly fetch manifest @esbuild/freebsd-x64@0.27.3
44 silly packumentCache full:https://registry.npmjs.org/@esbuild%2ffreebsd-x64 cache-miss
45 silly fetch manifest @esbuild/linux-arm@0.27.3
46 silly packumentCache full:https://registry.npmjs.org/@esbuild%2flinux-arm cache-miss
47 silly fetch manifest @esbuild/linux-arm64@0.27.3
48 silly packumentCache full:https://registry.npmjs.org/@esbuild%2flinux-arm64 cache-miss
49 http fetch GET 200 https://registry.npmjs.org/@esbuild%2faix-ppc64 43ms (cache miss)
50 silly packumentCache full:https://registry.npmjs.org/@esbuild%2faix-ppc64 set size:undefined disposed:false
51 silly fetch manifest @esbuild/linux-ia32@0.27.3
52 silly packumentCache full:https://registry.npmjs.org/@esbuild%2flinux-ia32 cache-miss
53 http fetch GET 200 https://registry.npmjs.org/@esbuild%2fandroid-arm 59ms (cache miss)
54 silly packumentCache full:https://registry.npmjs.org/@esbuild%2fandroid-arm set size:undefined disposed:false
55 silly fetch manifest @esbuild/linux-loong64@0.27.3
56 silly packumentCache full:https://registry.npmjs.org/@esbuild%2flinux-loong64 cache-miss
57 http fetch GET 200 https://registry.npmjs.org/@esbuild%2flinux-ia32 51ms (cache miss)
58 silly packumentCache full:https://registry.npmjs.org/@esbuild%2flinux-ia32 set size:undefined disposed:false
59 silly fetch manifest @esbuild/linux-mips64el@0.27.3
60 silly packumentCache full:https://registry.npmjs.org/@esbuild%2flinux-mips64el cache-miss
61 http fetch GET 200 https://registry.npmjs.org/@esbuild%2flinux-loong64 59ms (cache miss)
62 silly packumentCache full:https://registry.npmjs.org/@esbuild%2flinux-loong64 set size:undefined disposed:false
63 silly fetch manifest @esbuild/linux-ppc64@0.27.3
64 silly packumentCache full:https://registry.npmjs.org/@esbuild%2flinux-ppc64 cache-miss
65 http fetch GET 200 https://registry.npmjs.org/@esbuild%2fandroid-arm64 144ms (cache miss)
66 silly packumentCache full:https://registry.npmjs.org/@esbuild%2fandroid-arm64 set size:undefined disposed:false
67 silly fetch manifest @esbuild/linux-riscv64@0.27.3
68 silly packumentCache full:https://registry.npmjs.org/@esbuild%2flinux-riscv64 cache-miss
69 http fetch GET 200 https://registry.npmjs.org/@esbuild%2flinux-mips64el 58ms (cache miss)
70 silly packumentCache full:https://registry.npmjs.org/@esbuild%2flinux-mips64el set size:undefined disposed:false
71 silly fetch manifest @esbuild/linux-s390x@0.27.3
72 silly packumentCache full:https://registry.npmjs.org/@esbuild%2flinux-s390x cache-miss
73 http fetch GET 200 https://registry.npmjs.org/@esbuild%2fdarwin-arm64 156ms (cache miss)
74 silly packumentCache full:https://registry.npmjs.org/@esbuild%2fdarwin-arm64 set size:undefined disposed:false
75 silly fetch manifest @esbuild/linux-x64@0.27.3
76 silly packumentCache full:https://registry.npmjs.org/@esbuild%2flinux-x64 cache-miss
77 http fetch GET 200 https://registry.npmjs.org/@esbuild%2fandroid-x64 157ms (cache miss)
78 silly packumentCache full:https://registry.npmjs.org/@esbuild%2fandroid-x64 set size:undefined disposed:false
79 silly fetch manifest @esbuild/netbsd-arm64@0.27.3
80 silly packumentCache full:https://registry.npmjs.org/@esbuild%2fnetbsd-arm64 cache-miss
81 http fetch GET 200 https://registry.npmjs.org/@esbuild%2flinux-arm 170ms (cache miss)
82 silly packumentCache full:https://registry.npmjs.org/@esbuild%2flinux-arm set size:undefined disposed:false
83 silly fetch manifest @esbuild/netbsd-x64@0.27.3
84 silly packumentCache full:https://registry.npmjs.org/@esbuild%2fnetbsd-x64 cache-miss
85 http fetch GET 200 https://registry.npmjs.org/@esbuild%2flinux-ppc64 54ms (cache miss)
86 silly packumentCache full:https://registry.npmjs.org/@esbuild%2flinux-ppc64 set size:undefined disposed:false
87 silly fetch manifest @esbuild/openbsd-arm64@0.27.3
88 silly packumentCache full:https://registry.npmjs.org/@esbuild%2fopenbsd-arm64 cache-miss
89 http fetch GET 200 https://registry.npmjs.org/@esbuild%2flinux-arm64 175ms (cache miss)
90 silly packumentCache full:https://registry.npmjs.org/@esbuild%2flinux-arm64 set size:undefined disposed:false
91 silly fetch manifest @esbuild/openbsd-x64@0.27.3
92 silly packumentCache full:https://registry.npmjs.org/@esbuild%2fopenbsd-x64 cache-miss
93 http fetch GET 200 https://registry.npmjs.org/@esbuild%2ffreebsd-arm64 177ms (cache miss)
94 silly packumentCache full:https://registry.npmjs.org/@esbuild%2ffreebsd-arm64 set size:undefined disposed:false
95 silly fetch manifest @esbuild/openharmony-arm64@0.27.3
96 silly packumentCache full:https://registry.npmjs.org/@esbuild%2fopenharmony-arm64 cache-miss
97 http fetch GET 200 https://registry.npmjs.org/@esbuild%2fdarwin-x64 182ms (cache miss)
98 silly packumentCache full:https://registry.npmjs.org/@esbuild%2fdarwin-x64 set size:undefined disposed:false
99 silly fetch manifest @esbuild/sunos-x64@0.27.3
100 silly packumentCache full:https://registry.npmjs.org/@esbuild%2fsunos-x64 cache-miss
101 http fetch GET 200 https://registry.npmjs.org/@esbuild%2flinux-s390x 46ms (cache miss)
102 silly packumentCache full:https://registry.npmjs.org/@esbuild%2flinux-s390x set size:undefined disposed:false
103 silly fetch manifest @esbuild/win32-arm64@0.27.3
104 silly packumentCache full:https://registry.npmjs.org/@esbuild%2fwin32-arm64 cache-miss
105 http fetch GET 200 https://registry.npmjs.org/@esbuild%2fnetbsd-arm64 46ms (cache miss)
106 silly packumentCache full:https://registry.npmjs.org/@esbuild%2fnetbsd-arm64 set size:undefined disposed:false
107 silly fetch manifest @esbuild/win32-ia32@0.27.3
108 silly packumentCache full:https://registry.npmjs.org/@esbuild%2fwin32-ia32 cache-miss
109 http fetch GET 200 https://registry.npmjs.org/@esbuild%2flinux-riscv64 62ms (cache miss)
110 silly packumentCache full:https://registry.npmjs.org/@esbuild%2flinux-riscv64 set size:undefined disposed:false
111 silly fetch manifest @esbuild/win32-x64@0.27.3
112 silly packumentCache full:https://registry.npmjs.org/@esbuild%2fwin32-x64 cache-miss
113 http fetch GET 200 https://registry.npmjs.org/@esbuild%2fopenharmony-arm64 48ms (cache miss)
114 silly packumentCache full:https://registry.npmjs.org/@esbuild%2fopenharmony-arm64 set size:undefined disposed:false
115 http fetch GET 200 https://registry.npmjs.org/@esbuild%2fnetbsd-x64 55ms (cache miss)
116 silly packumentCache full:https://registry.npmjs.org/@esbuild%2fnetbsd-x64 set size:undefined disposed:false
117 http fetch GET 200 https://registry.npmjs.org/@esbuild%2fopenbsd-x64 54ms (cache miss)
118 silly packumentCache full:https://registry.npmjs.org/@esbuild%2fopenbsd-x64 set size:undefined disposed:false
119 http fetch GET 200 https://registry.npmjs.org/@esbuild%2fopenbsd-arm64 57ms (cache miss)
120 silly packumentCache full:https://registry.npmjs.org/@esbuild%2fopenbsd-arm64 set size:undefined disposed:false
121 http fetch GET 200 https://registry.npmjs.org/@esbuild%2flinux-x64 81ms (cache miss)
122 silly packumentCache full:https://registry.npmjs.org/@esbuild%2flinux-x64 set size:undefined disposed:false
123 http fetch GET 200 https://registry.npmjs.org/@esbuild%2fsunos-x64 58ms (cache miss)
124 silly packumentCache full:https://registry.npmjs.org/@esbuild%2fsunos-x64 set size:undefined disposed:false
125 http fetch GET 200 https://registry.npmjs.org/@esbuild%2fwin32-arm64 44ms (cache miss)
126 silly packumentCache full:https://registry.npmjs.org/@esbuild%2fwin32-arm64 set size:undefined disposed:false
127 http fetch GET 200 https://registry.npmjs.org/@esbuild%2fwin32-ia32 57ms (cache miss)
128 silly packumentCache full:https://registry.npmjs.org/@esbuild%2fwin32-ia32 set size:undefined disposed:false
129 http fetch GET 200 https://registry.npmjs.org/@esbuild%2fwin32-x64 56ms (cache miss)
130 silly packumentCache full:https://registry.npmjs.org/@esbuild%2fwin32-x64 set size:undefined disposed:false
131 http fetch GET 200 https://registry.npmjs.org/@esbuild%2ffreebsd-x64 289ms (cache miss)
132 silly packumentCache full:https://registry.npmjs.org/@esbuild%2ffreebsd-x64 set size:undefined disposed:false
133 silly placeDep ROOT @esbuild/aix-ppc64@0.27.3 OK for: esbuild@0.27.3 want: 0.27.3
134 silly placeDep ROOT @esbuild/android-arm@0.27.3 OK for: esbuild@0.27.3 want: 0.27.3
135 silly placeDep ROOT @esbuild/android-arm64@0.27.3 OK for: esbuild@0.27.3 want: 0.27.3
136 silly placeDep ROOT @esbuild/android-x64@0.27.3 OK for: esbuild@0.27.3 want: 0.27.3
137 silly placeDep ROOT @esbuild/darwin-arm64@0.27.3 OK for: esbuild@0.27.3 want: 0.27.3
138 silly placeDep ROOT @esbuild/darwin-x64@0.27.3 OK for: esbuild@0.27.3 want: 0.27.3
139 silly placeDep ROOT @esbuild/freebsd-arm64@0.27.3 OK for: esbuild@0.27.3 want: 0.27.3
140 silly placeDep ROOT @esbuild/freebsd-x64@0.27.3 OK for: esbuild@0.27.3 want: 0.27.3
141 silly placeDep ROOT @esbuild/linux-arm@0.27.3 OK for: esbuild@0.27.3 want: 0.27.3
142 silly placeDep ROOT @esbuild/linux-arm64@0.27.3 OK for: esbuild@0.27.3 want: 0.27.3
143 silly placeDep ROOT @esbuild/linux-ia32@0.27.3 OK for: esbuild@0.27.3 want: 0.27.3
144 silly placeDep ROOT @esbuild/linux-loong64@0.27.3 OK for: esbuild@0.27.3 want: 0.27.3
145 silly placeDep ROOT @esbuild/linux-mips64el@0.27.3 OK for: esbuild@0.27.3 want: 0.27.3
146 silly placeDep ROOT @esbuild/linux-ppc64@0.27.3 OK for: esbuild@0.27.3 want: 0.27.3
147 silly placeDep ROOT @esbuild/linux-riscv64@0.27.3 OK for: esbuild@0.27.3 want: 0.27.3
148 silly placeDep ROOT @esbuild/linux-s390x@0.27.3 OK for: esbuild@0.27.3 want: 0.27.3
149 silly placeDep ROOT @esbuild/linux-x64@0.27.3 OK for: esbuild@0.27.3 want: 0.27.3
150 silly placeDep ROOT @esbuild/netbsd-arm64@0.27.3 OK for: esbuild@0.27.3 want: 0.27.3
151 silly placeDep ROOT @esbuild/netbsd-x64@0.27.3 OK for: esbuild@0.27.3 want: 0.27.3
152 silly placeDep ROOT @esbuild/openbsd-arm64@0.27.3 OK for: esbuild@0.27.3 want: 0.27.3
153 silly placeDep ROOT @esbuild/openbsd-x64@0.27.3 OK for: esbuild@0.27.3 want: 0.27.3
154 silly placeDep ROOT @esbuild/openharmony-arm64@0.27.3 OK for: esbuild@0.27.3 want: 0.27.3
155 silly placeDep ROOT @esbuild/sunos-x64@0.27.3 OK for: esbuild@0.27.3 want: 0.27.3
156 silly placeDep ROOT @esbuild/win32-arm64@0.27.3 OK for: esbuild@0.27.3 want: 0.27.3
157 silly placeDep ROOT @esbuild/win32-ia32@0.27.3 OK for: esbuild@0.27.3 want: 0.27.3
158 silly placeDep ROOT @esbuild/win32-x64@0.27.3 OK for: esbuild@0.27.3 want: 0.27.3
159 silly reify moves {}
160 verbose reify failed optional dependency /Users/ishaanbajaj/Desktop/staysystems/storekeeper/node_modules/@tailwindcss/oxide-wasm32-wasi
161 silly reify mark deleted [
161 silly reify   '/Users/ishaanbajaj/Desktop/staysystems/storekeeper/node_modules/@tailwindcss/oxide-wasm32-wasi'
161 silly reify ]
162 silly audit bulk request {
162 silly audit   '@alloc/quick-lru': [ '5.2.0' ],
162 silly audit   '@babel/code-frame': [ '7.29.0' ],
162 silly audit   '@babel/compat-data': [ '7.29.0' ],
162 silly audit   '@babel/core': [ '7.29.0' ],
162 silly audit   '@babel/generator': [ '7.29.1' ],
162 silly audit   '@babel/helper-compilation-targets': [ '7.28.6' ],
162 silly audit   '@babel/helper-globals': [ '7.28.0' ],
162 silly audit   '@babel/helper-module-imports': [ '7.28.6' ],
162 silly audit   '@babel/helper-module-transforms': [ '7.28.6' ],
162 silly audit   '@babel/helper-string-parser': [ '7.27.1' ],
162 silly audit   '@babel/helper-validator-identifier': [ '7.28.5' ],
162 silly audit   '@babel/helper-validator-option': [ '7.27.1' ],
162 silly audit   '@babel/helpers': [ '7.28.6' ],
162 silly audit   '@babel/parser': [ '7.29.0' ],
162 silly audit   '@babel/template': [ '7.28.6' ],
162 silly audit   '@babel/traverse': [ '7.29.0' ],
162 silly audit   '@babel/types': [ '7.29.0' ],
162 silly audit   '@emnapi/core': [ '1.8.1' ],
162 silly audit   '@emnapi/runtime': [ '1.8.1' ],
162 silly audit   '@emnapi/wasi-threads': [ '1.1.0' ],
162 silly audit   '@eslint-community/eslint-utils': [ '4.9.1' ],
162 silly audit   'eslint-visitor-keys': [ '3.4.3', '4.2.1' ],
162 silly audit   '@eslint-community/regexpp': [ '4.12.2' ],
162 silly audit   '@eslint/config-array': [ '0.21.1' ],
162 silly audit   '@eslint/config-helpers': [ '0.4.2' ],
162 silly audit   '@eslint/core': [ '0.17.0' ],
162 silly audit   '@eslint/eslintrc': [ '3.3.3' ],
162 silly audit   '@eslint/js': [ '9.39.2' ],
162 silly audit   '@eslint/object-schema': [ '2.1.7' ],
162 silly audit   '@eslint/plugin-kit': [ '0.4.1' ],
162 silly audit   '@humanfs/core': [ '0.19.1' ],
162 silly audit   '@humanfs/node': [ '0.16.7' ],
162 silly audit   '@humanwhocodes/module-importer': [ '1.0.1' ],
162 silly audit   '@humanwhocodes/retry': [ '0.4.3' ],
162 silly audit   '@img/colour': [ '1.0.0' ],
162 silly audit   '@img/sharp-darwin-arm64': [ '0.34.5' ],
162 silly audit   '@img/sharp-darwin-x64': [ '0.34.5' ],
162 silly audit   '@img/sharp-libvips-darwin-arm64': [ '1.2.4' ],
162 silly audit   '@img/sharp-libvips-darwin-x64': [ '1.2.4' ],
162 silly audit   '@img/sharp-libvips-linux-arm': [ '1.2.4' ],
162 silly audit   '@img/sharp-libvips-linux-arm64': [ '1.2.4' ],
162 silly audit   '@img/sharp-libvips-linux-ppc64': [ '1.2.4' ],
162 silly audit   '@img/sharp-libvips-linux-riscv64': [ '1.2.4' ],
162 silly audit   '@img/sharp-libvips-linux-s390x': [ '1.2.4' ],
162 silly audit   '@img/sharp-libvips-linux-x64': [ '1.2.4' ],
162 silly audit   '@img/sharp-libvips-linuxmusl-arm64': [ '1.2.4' ],
162 silly audit   '@img/sharp-libvips-linuxmusl-x64': [ '1.2.4' ],
162 silly audit   '@img/sharp-linux-arm': [ '0.34.5' ],
162 silly audit   '@img/sharp-linux-arm64': [ '0.34.5' ],
162 silly audit   '@img/sharp-linux-ppc64': [ '0.34.5' ],
162 silly audit   '@img/sharp-linux-riscv64': [ '0.34.5' ],
162 silly audit   '@img/sharp-linux-s390x': [ '0.34.5' ],
162 silly audit   '@img/sharp-linux-x64': [ '0.34.5' ],
162 silly audit   '@img/sharp-linuxmusl-arm64': [ '0.34.5' ],
162 silly audit   '@img/sharp-linuxmusl-x64': [ '0.34.5' ],
162 silly audit   '@img/sharp-wasm32': [ '0.34.5' ],
162 silly audit   '@img/sharp-win32-arm64': [ '0.34.5' ],
162 silly audit   '@img/sharp-win32-ia32': [ '0.34.5' ],
162 silly audit   '@img/sharp-win32-x64': [ '0.34.5' ],
162 silly audit   '@jridgewell/gen-mapping': [ '0.3.13' ],
162 silly audit   '@jridgewell/remapping': [ '2.3.5' ],
162 silly audit   '@jridgewell/resolve-uri': [ '3.1.2' ],
162 silly audit   '@jridgewell/sourcemap-codec': [ '1.5.5' ],
162 silly audit   '@jridgewell/trace-mapping': [ '0.3.31' ],
162 silly audit   '@napi-rs/wasm-runtime': [ '0.2.12' ],
162 silly audit   '@next/env': [ '16.1.6' ],
162 silly audit   '@next/eslint-plugin-next': [ '16.1.6' ],
162 silly audit   '@next/swc-darwin-arm64': [ '16.1.6' ],
162 silly audit   '@next/swc-darwin-x64': [ '16.1.6' ],
162 silly audit   '@next/swc-linux-arm64-gnu': [ '16.1.6' ],
162 silly audit   '@next/swc-linux-arm64-musl': [ '16.1.6' ],
162 silly audit   '@next/swc-linux-x64-gnu': [ '16.1.6' ],
162 silly audit   '@next/swc-linux-x64-musl': [ '16.1.6' ],
162 silly audit   '@next/swc-win32-arm64-msvc': [ '16.1.6' ],
162 silly audit   '@next/swc-win32-x64-msvc': [ '16.1.6' ],
162 silly audit   '@nodelib/fs.scandir': [ '2.1.5' ],
162 silly audit   '@nodelib/fs.stat': [ '2.0.5' ],
162 silly audit   '@nodelib/fs.walk': [ '1.2.8' ],
162 silly audit   '@nolyfill/is-core-module': [ '1.0.39' ],
162 silly audit   '@prisma/client': [ '6.19.2' ],
162 silly audit   '@prisma/config': [ '6.19.2' ],
162 silly audit   '@prisma/debug': [ '6.19.2' ],
162 silly audit   '@prisma/engines': [ '6.19.2' ],
162 silly audit   '@prisma/engines-version': [ '7.1.1-3.c2990dca591cba766e3b7ef5d9e8a84796e47ab7' ],
162 silly audit   '@prisma/fetch-engine': [ '6.19.2' ],
162 silly audit   '@prisma/get-platform': [ '6.19.2' ],
162 silly audit   '@rtsao/scc': [ '1.1.0' ],
162 silly audit   '@standard-schema/spec': [ '1.1.0' ],
162 silly audit   '@swc/helpers': [ '0.5.15' ],
162 silly audit   '@tailwindcss/node': [ '4.1.18' ],
162 silly audit   '@tailwindcss/oxide': [ '4.1.18' ],
162 silly audit   '@tailwindcss/oxide-android-arm64': [ '4.1.18' ],
162 silly audit   '@tailwindcss/oxide-darwin-arm64': [ '4.1.18' ],
162 silly audit   '@tailwindcss/oxide-darwin-x64': [ '4.1.18' ],
162 silly audit   '@tailwindcss/oxide-freebsd-x64': [ '4.1.18' ],
162 silly audit   '@tailwindcss/oxide-linux-arm-gnueabihf': [ '4.1.18' ],
162 silly audit   '@tailwindcss/oxide-linux-arm64-gnu': [ '4.1.18' ],
162 silly audit   '@tailwindcss/oxide-linux-arm64-musl': [ '4.1.18' ],
162 silly audit   '@tailwindcss/oxide-linux-x64-gnu': [ '4.1.18' ],
162 silly audit   '@tailwindcss/oxide-linux-x64-musl': [ '4.1.18' ],
162 silly audit   '@tailwindcss/oxide-win32-arm64-msvc': [ '4.1.18' ],
162 silly audit   '@tailwindcss/oxide-win32-x64-msvc': [ '4.1.18' ],
162 silly audit   '@tailwindcss/postcss': [ '4.1.18' ],
162 silly audit   '@tybys/wasm-util': [ '0.10.1' ],
162 silly audit   '@types/estree': [ '1.0.8' ],
162 silly audit   '@types/json-schema': [ '7.0.15' ],
162 silly audit   '@types/json5': [ '0.0.29' ],
162 silly audit   '@types/node': [ '20.19.33' ],
162 silly audit   '@types/react': [ '19.2.14' ],
162 silly audit   '@types/react-dom': [ '19.2.3' ],
162 silly audit   '@typescript-eslint/eslint-plugin': [ '8.55.0' ],
162 silly audit   ignore: [ '7.0.5', '5.3.2' ],
162 silly audit   '@typescript-eslint/parser': [ '8.55.0' ],
162 silly audit   '@typescript-eslint/project-service': [ '8.55.0' ],
162 silly audit   '@typescript-eslint/scope-manager': [ '8.55.0' ],
162 silly audit   '@typescript-eslint/tsconfig-utils': [ '8.55.0' ],
162 silly audit   '@typescript-eslint/type-utils': [ '8.55.0' ],
162 silly audit   '@typescript-eslint/types': [ '8.55.0' ],
162 silly audit   '@typescript-eslint/typescript-estree': [ '8.55.0' ],
162 silly audit   'brace-expansion': [ '2.0.2', '1.1.12' ],
162 silly audit   minimatch: [ '9.0.5', '3.1.2' ],
162 silly audit   semver: [ '7.7.4', '6.3.1' ],
162 silly audit   '@typescript-eslint/utils': [ '8.55.0' ],
162 silly audit   '@typescript-eslint/visitor-keys': [ '8.55.0' ],
162 silly audit   '@unrs/resolver-binding-android-arm-eabi': [ '1.11.1' ],
162 silly audit   '@unrs/resolver-binding-android-arm64': [ '1.11.1' ],
162 silly audit   '@unrs/resolver-binding-darwin-arm64': [ '1.11.1' ],
162 silly audit   '@unrs/resolver-binding-darwin-x64': [ '1.11.1' ],
162 silly audit   '@unrs/resolver-binding-freebsd-x64': [ '1.11.1' ],
162 silly audit   '@unrs/resolver-binding-linux-arm-gnueabihf': [ '1.11.1' ],
162 silly audit   '@unrs/resolver-binding-linux-arm-musleabihf': [ '1.11.1' ],
162 silly audit   '@unrs/resolver-binding-linux-arm64-gnu': [ '1.11.1' ],
162 silly audit   '@unrs/resolver-binding-linux-arm64-musl': [ '1.11.1' ],
162 silly audit   '@unrs/resolver-binding-linux-ppc64-gnu': [ '1.11.1' ],
162 silly audit   '@unrs/resolver-binding-linux-riscv64-gnu': [ '1.11.1' ],
162 silly audit   '@unrs/resolver-binding-linux-riscv64-musl': [ '1.11.1' ],
162 silly audit   '@unrs/resolver-binding-linux-s390x-gnu': [ '1.11.1' ],
162 silly audit   '@unrs/resolver-binding-linux-x64-gnu': [ '1.11.1' ],
162 silly audit   '@unrs/resolver-binding-linux-x64-musl': [ '1.11.1' ],
162 silly audit   '@unrs/resolver-binding-wasm32-wasi': [ '1.11.1' ],
162 silly audit   '@unrs/resolver-binding-win32-arm64-msvc': [ '1.11.1' ],
162 silly audit   '@unrs/resolver-binding-win32-ia32-msvc': [ '1.11.1' ],
162 silly audit   '@unrs/resolver-binding-win32-x64-msvc': [ '1.11.1' ],
162 silly audit   acorn: [ '8.15.0' ],
162 silly audit   'acorn-jsx': [ '5.3.2' ],
162 silly audit   ajv: [ '6.12.6' ],
162 silly audit   'ansi-styles': [ '4.3.0' ],
162 silly audit   argparse: [ '2.0.1' ],
162 silly audit   'aria-query': [ '5.3.2' ],
162 silly audit   'array-buffer-byte-length': [ '1.0.2' ],
162 silly audit   'array-includes': [ '3.1.9' ],
162 silly audit   'array.prototype.findlast': [ '1.2.5' ],
162 silly audit   'array.prototype.findlastindex': [ '1.2.6' ],
162 silly audit   'array.prototype.flat': [ '1.3.3' ],
162 silly audit   'array.prototype.flatmap': [ '1.3.3' ],
162 silly audit   'array.prototype.tosorted': [ '1.1.4' ],
162 silly audit   'arraybuffer.prototype.slice': [ '1.0.4' ],
162 silly audit   'ast-types-flow': [ '0.0.8' ],
162 silly audit   'async-function': [ '1.0.0' ],
162 silly audit   'available-typed-arrays': [ '1.0.7' ],
162 silly audit   'axe-core': [ '4.11.1' ],
162 silly audit   'axobject-query': [ '4.1.0' ],
162 silly audit   'balanced-match': [ '1.0.2' ],
162 silly audit   'baseline-browser-mapping': [ '2.9.19' ],
162 silly audit   braces: [ '3.0.3' ],
162 silly audit   browserslist: [ '4.28.1' ],
162 silly audit   c12: [ '3.1.0' ],
162 silly audit   'call-bind': [ '1.0.8' ],
162 silly audit   'call-bind-apply-helpers': [ '1.0.2' ],
162 silly audit   'call-bound': [ '1.0.4' ],
162 silly audit   callsites: [ '3.1.0' ],
162 silly audit   'caniuse-lite': [ '1.0.30001769' ],
162 silly audit   chalk: [ '4.1.2' ],
162 silly audit   chokidar: [ '4.0.3' ],
162 silly audit   citty: [ '0.1.6', '0.2.1' ],
162 silly audit   'client-only': [ '0.0.1' ],
162 silly audit   'color-convert': [ '2.0.1' ],
162 silly audit   'color-name': [ '1.1.4' ],
162 silly audit   'concat-map': [ '0.0.1' ],
162 silly audit   confbox: [ '0.2.4' ],
162 silly audit   consola: [ '3.4.2' ],
162 silly audit   'convert-source-map': [ '2.0.0' ],
162 silly audit   'cross-spawn': [ '7.0.6' ],
162 silly audit   csstype: [ '3.2.3' ],
162 silly audit   'damerau-levenshtein': [ '1.0.8' ],
162 silly audit   'data-view-buffer': [ '1.0.2' ],
162 silly audit   'data-view-byte-length': [ '1.0.2' ],
162 silly audit   'data-view-byte-offset': [ '1.0.1' ],
162 silly audit   debug: [ '4.4.3', '3.2.7' ],
162 silly audit   'deep-is': [ '0.1.4' ],
162 silly audit   'deepmerge-ts': [ '7.1.5' ],
162 silly audit   'define-data-property': [ '1.1.4' ],
162 silly audit   'define-properties': [ '1.2.1' ],
162 silly audit   defu: [ '6.1.4' ],
162 silly audit   destr: [ '2.0.5' ],
162 silly audit   'detect-libc': [ '2.1.2' ],
162 silly audit   doctrine: [ '2.1.0' ],
162 silly audit   dotenv: [ '16.6.1' ],
162 silly audit   'dunder-proto': [ '1.0.1' ],
162 silly audit   effect: [ '3.18.4' ],
162 silly audit   'electron-to-chromium': [ '1.5.286' ],
162 silly audit   'emoji-regex': [ '9.2.2' ],
162 silly audit   empathic: [ '2.0.0' ],
162 silly audit   'enhanced-resolve': [ '5.19.0' ],
162 silly audit   'es-abstract': [ '1.24.1' ],
162 silly audit   'es-define-property': [ '1.0.1' ],
162 silly audit   'es-errors': [ '1.3.0' ],
162 silly audit   'es-iterator-helpers': [ '1.2.2' ],
162 silly audit   'es-object-atoms': [ '1.1.1' ],
162 silly audit   'es-set-tostringtag': [ '2.1.0' ],
162 silly audit   'es-shim-unscopables': [ '1.1.0' ],
162 silly audit   'es-to-primitive': [ '1.3.0' ],
162 silly audit   escalade: [ '3.2.0' ],
162 silly audit   'escape-string-regexp': [ '4.0.0' ],
162 silly audit   eslint: [ '9.39.2' ],
162 silly audit   'eslint-config-next': [ '16.1.6' ],
162 silly audit   globals: [ '16.4.0', '14.0.0' ],
162 silly audit   'eslint-import-resolver-node': [ '0.3.9' ],
162 silly audit   'eslint-import-resolver-typescript': [ '3.10.1' ],
162 silly audit   'eslint-module-utils': [ '2.12.1' ],
162 silly audit   'eslint-plugin-import': [ '2.32.0' ],
162 silly audit   'eslint-plugin-jsx-a11y': [ '6.10.2' ],
162 silly audit   'eslint-plugin-react': [ '7.37.5' ],
162 silly audit   'eslint-plugin-react-hooks': [ '7.0.1' ],
162 silly audit   resolve: [ '2.0.0-next.5', '1.22.11' ],
162 silly audit   'eslint-scope': [ '8.4.0' ],
162 silly audit   espree: [ '10.4.0' ],
162 silly audit   esquery: [ '1.7.0' ],
162 silly audit   esrecurse: [ '4.3.0' ],
162 silly audit   estraverse: [ '5.3.0' ],
162 silly audit   esutils: [ '2.0.3' ],
162 silly audit   exsolve: [ '1.0.8' ],
162 silly audit   'fast-check': [ '3.23.2' ],
162 silly audit   'fast-deep-equal': [ '3.1.3' ],
162 silly audit   'fast-glob': [ '3.3.1' ],
162 silly audit   'glob-parent': [ '5.1.2', '6.0.2' ],
162 silly audit   'fast-json-stable-stringify': [ '2.1.0' ],
162 silly audit   'fast-levenshtein': [ '2.0.6' ],
162 silly audit   fastq: [ '1.20.1' ],
162 silly audit   'file-entry-cache': [ '8.0.0' ],
162 silly audit   'fill-range': [ '7.1.1' ],
162 silly audit   'find-up': [ '5.0.0' ],
162 silly audit   'flat-cache': [ '4.0.1' ],
162 silly audit   flatted: [ '3.3.3' ],
162 silly audit   'for-each': [ '0.3.5' ],
162 silly audit   'function-bind': [ '1.1.2' ],
162 silly audit   'function.prototype.name': [ '1.1.8' ],
162 silly audit   'functions-have-names': [ '1.2.3' ],
162 silly audit   'generator-function': [ '2.0.1' ],
162 silly audit   gensync: [ '1.0.0-beta.2' ],
162 silly audit   'get-intrinsic': [ '1.3.0' ],
162 silly audit   'get-proto': [ '1.0.1' ],
162 silly audit   'get-symbol-description': [ '1.1.0' ],
162 silly audit   'get-tsconfig': [ '4.13.6' ],
162 silly audit   giget: [ '2.0.0' ],
162 silly audit   globalthis: [ '1.0.4' ],
162 silly audit   gopd: [ '1.2.0' ],
162 silly audit   'graceful-fs': [ '4.2.11' ],
162 silly audit   'has-bigints': [ '1.1.0' ],
162 silly audit   'has-flag': [ '4.0.0' ],
162 silly audit   'has-property-descriptors': [ '1.0.2' ],
162 silly audit   'has-proto': [ '1.2.0' ],
162 silly audit   'has-symbols': [ '1.1.0' ],
162 silly audit   'has-tostringtag': [ '1.0.2' ],
162 silly audit   hasown: [ '2.0.2' ],
162 silly audit   'hermes-estree': [ '0.25.1' ],
162 silly audit   'hermes-parser': [ '0.25.1' ],
162 silly audit   'import-fresh': [ '3.3.1' ],
162 silly audit   imurmurhash: [ '0.1.4' ],
162 silly audit   'internal-slot': [ '1.1.0' ],
162 silly audit   'is-array-buffer': [ '3.0.5' ],
162 silly audit   'is-async-function': [ '2.1.1' ],
162 silly audit   'is-bigint': [ '1.1.0' ],
162 silly audit   'is-boolean-object': [ '1.2.2' ],
162 silly audit   'is-bun-module': [ '2.0.0' ],
162 silly audit   'is-callable': [ '1.2.7' ],
162 silly audit   'is-core-module': [ '2.16.1' ],
162 silly audit   'is-data-view': [ '1.0.2' ],
162 silly audit   'is-date-object': [ '1.1.0' ],
162 silly audit   'is-extglob': [ '2.1.1' ],
162 silly audit   'is-finalizationregistry': [ '1.1.1' ],
162 silly audit   'is-generator-function': [ '1.1.2' ],
162 silly audit   'is-glob': [ '4.0.3' ],
162 silly audit   'is-map': [ '2.0.3' ],
162 silly audit   'is-negative-zero': [ '2.0.3' ],
162 silly audit   'is-number': [ '7.0.0' ],
162 silly audit   'is-number-object': [ '1.1.1' ],
162 silly audit   'is-regex': [ '1.2.1' ],
162 silly audit   'is-set': [ '2.0.3' ],
162 silly audit   'is-shared-array-buffer': [ '1.0.4' ],
162 silly audit   'is-string': [ '1.1.1' ],
162 silly audit   'is-symbol': [ '1.1.1' ],
162 silly audit   'is-typed-array': [ '1.1.15' ],
162 silly audit   'is-weakmap': [ '2.0.2' ],
162 silly audit   'is-weakref': [ '1.1.1' ],
162 silly audit   'is-weakset': [ '2.0.4' ],
162 silly audit   isarray: [ '2.0.5' ],
162 silly audit   isexe: [ '2.0.0' ],
162 silly audit   'iterator.prototype': [ '1.1.5' ],
162 silly audit   jiti: [ '2.6.1' ],
162 silly audit   'js-tokens': [ '4.0.0' ],
162 silly audit   'js-yaml': [ '4.1.1' ],
162 silly audit   jsesc: [ '3.1.0' ],
162 silly audit   'json-buffer': [ '3.0.1' ],
162 silly audit   'json-schema-traverse': [ '0.4.1' ],
162 silly audit   'json-stable-stringify-without-jsonify': [ '1.0.1' ],
162 silly audit   json5: [ '2.2.3', '1.0.2' ],
162 silly audit   'jsx-ast-utils': [ '3.3.5' ],
162 silly audit   keyv: [ '4.5.4' ],
162 silly audit   'language-subtag-registry': [ '0.3.23' ],
162 silly audit   'language-tags': [ '1.0.9' ],
162 silly audit   levn: [ '0.4.1' ],
162 silly audit   lightningcss: [ '1.30.2' ],
162 silly audit   'lightningcss-android-arm64': [ '1.30.2' ],
162 silly audit   'lightningcss-darwin-arm64': [ '1.30.2' ],
162 silly audit   'lightningcss-darwin-x64': [ '1.30.2' ],
162 silly audit   'lightningcss-freebsd-x64': [ '1.30.2' ],
162 silly audit   'lightningcss-linux-arm-gnueabihf': [ '1.30.2' ],
162 silly audit   'lightningcss-linux-arm64-gnu': [ '1.30.2' ],
162 silly audit   'lightningcss-linux-arm64-musl': [ '1.30.2' ],
162 silly audit   'lightningcss-linux-x64-gnu': [ '1.30.2' ],
162 silly audit   'lightningcss-linux-x64-musl': [ '1.30.2' ],
162 silly audit   'lightningcss-win32-arm64-msvc': [ '1.30.2' ],
162 silly audit   'lightningcss-win32-x64-msvc': [ '1.30.2' ],
162 silly audit   'locate-path': [ '6.0.0' ],
162 silly audit   'lodash.merge': [ '4.6.2' ],
162 silly audit   'loose-envify': [ '1.4.0' ],
162 silly audit   'lru-cache': [ '5.1.1' ],
162 silly audit   'magic-string': [ '0.30.21' ],
162 silly audit   'math-intrinsics': [ '1.1.0' ],
162 silly audit   merge2: [ '1.4.1' ],
162 silly audit   micromatch: [ '4.0.8' ],
162 silly audit   minimist: [ '1.2.8' ],
162 silly audit   ms: [ '2.1.3' ],
162 silly audit   nanoid: [ '3.3.11' ],
162 silly audit   'napi-postinstall': [ '0.3.4' ],
162 silly audit   'natural-compare': [ '1.4.0' ],
162 silly audit   next: [ '16.1.6' ],
162 silly audit   postcss: [ '8.4.31', '8.5.6' ],
162 silly audit   'node-fetch-native': [ '1.6.7' ],
162 silly audit   'node-releases': [ '2.0.27' ],
162 silly audit   nypm: [ '0.6.5' ],
162 silly audit   'object-assign': [ '4.1.1' ],
162 silly audit   'object-inspect': [ '1.13.4' ],
162 silly audit   'object-keys': [ '1.1.1' ],
162 silly audit   'object.assign': [ '4.1.7' ],
162 silly audit   'object.entries': [ '1.1.9' ],
162 silly audit   'object.fromentries': [ '2.0.8' ],
162 silly audit   'object.groupby': [ '1.0.3' ],
162 silly audit   'object.values': [ '1.2.1' ],
162 silly audit   ohash: [ '2.0.11' ],
162 silly audit   optionator: [ '0.9.4' ],
162 silly audit   'own-keys': [ '1.0.1' ],
162 silly audit   'p-limit': [ '3.1.0' ],
162 silly audit   'p-locate': [ '5.0.0' ],
162 silly audit   'parent-module': [ '1.0.1' ],
162 silly audit   'path-exists': [ '4.0.0' ],
162 silly audit   'path-key': [ '3.1.1' ],
162 silly audit   'path-parse': [ '1.0.7' ],
162 silly audit   pathe: [ '2.0.3' ],
162 silly audit   'perfect-debounce': [ '1.0.0' ],
162 silly audit   picocolors: [ '1.1.1' ],
162 silly audit   picomatch: [ '2.3.1', '4.0.3' ],
162 silly audit   'pkg-types': [ '2.3.0' ],
162 silly audit   'possible-typed-array-names': [ '1.1.0' ],
162 silly audit   'prelude-ls': [ '1.2.1' ],
162 silly audit   prisma: [ '6.19.2' ],
162 silly audit   'prop-types': [ '15.8.1' ],
162 silly audit   punycode: [ '2.3.1' ],
162 silly audit   'pure-rand': [ '6.1.0' ],
162 silly audit   'queue-microtask': [ '1.2.3' ],
162 silly audit   rc9: [ '2.1.2' ],
162 silly audit   react: [ '19.2.3' ],
162 silly audit   'react-dom': [ '19.2.3' ],
162 silly audit   'react-is': [ '16.13.1' ],
162 silly audit   readdirp: [ '4.1.2' ],
162 silly audit   'reflect.getprototypeof': [ '1.0.10' ],
162 silly audit   'regexp.prototype.flags': [ '1.5.4' ],
162 silly audit   'resolve-from': [ '4.0.0' ],
162 silly audit   'resolve-pkg-maps': [ '1.0.0' ],
162 silly audit   reusify: [ '1.1.0' ],
162 silly audit   'run-parallel': [ '1.2.0' ],
162 silly audit   'safe-array-concat': [ '1.1.3' ],
162 silly audit   'safe-push-apply': [ '1.0.0' ],
162 silly audit   'safe-regex-test': [ '1.1.0' ],
162 silly audit   scheduler: [ '0.27.0' ],
162 silly audit   'set-function-length': [ '1.2.2' ],
162 silly audit   'set-function-name': [ '2.0.2' ],
162 silly audit   'set-proto': [ '1.0.0' ],
162 silly audit   sharp: [ '0.34.5' ],
162 silly audit   'shebang-command': [ '2.0.0' ],
162 silly audit   'shebang-regex': [ '3.0.0' ],
162 silly audit   'side-channel': [ '1.1.0' ],
162 silly audit   'side-channel-list': [ '1.0.0' ],
162 silly audit   'side-channel-map': [ '1.0.1' ],
162 silly audit   'side-channel-weakmap': [ '1.0.2' ],
162 silly audit   'source-map-js': [ '1.2.1' ],
162 silly audit   'stable-hash': [ '0.0.5' ],
162 silly audit   'stop-iteration-iterator': [ '1.1.0' ],
162 silly audit   'string.prototype.includes': [ '2.0.1' ],
162 silly audit   'string.prototype.matchall': [ '4.0.12' ],
162 silly audit   'string.prototype.repeat': [ '1.0.0' ],
162 silly audit   'string.prototype.trim': [ '1.2.10' ],
162 silly audit   'string.prototype.trimend': [ '1.0.9' ],
162 silly audit   'string.prototype.trimstart': [ '1.0.8' ],
162 silly audit   'strip-bom': [ '3.0.0' ],
162 silly audit   'strip-json-comments': [ '3.1.1' ],
162 silly audit   'styled-jsx': [ '5.1.6' ],
162 silly audit   'supports-color': [ '7.2.0' ],
162 silly audit   'supports-preserve-symlinks-flag': [ '1.0.0' ],
162 silly audit   tailwindcss: [ '4.1.18' ],
162 silly audit   tapable: [ '2.3.0' ],
162 silly audit   tinyexec: [ '1.0.2' ],
162 silly audit   tinyglobby: [ '0.2.15' ],
162 silly audit   fdir: [ '6.5.0' ],
162 silly audit   'to-regex-range': [ '5.0.1' ],
162 silly audit   'ts-api-utils': [ '2.4.0' ],
162 silly audit   'tsconfig-paths': [ '3.15.0' ],
162 silly audit   tslib: [ '2.8.1' ],
162 silly audit   'type-check': [ '0.4.0' ],
162 silly audit   'typed-array-buffer': [ '1.0.3' ],
162 silly audit   'typed-array-byte-length': [ '1.0.3' ],
162 silly audit   'typed-array-byte-offset': [ '1.0.4' ],
162 silly audit   'typed-array-length': [ '1.0.7' ],
162 silly audit   typescript: [ '5.9.3' ],
162 silly audit   'typescript-eslint': [ '8.55.0' ],
162 silly audit   'unbox-primitive': [ '1.1.0' ],
162 silly audit   'undici-types': [ '6.21.0' ],
162 silly audit   'unrs-resolver': [ '1.11.1' ],
162 silly audit   'update-browserslist-db': [ '1.2.3' ],
162 silly audit   'uri-js': [ '4.4.1' ],
162 silly audit   which: [ '2.0.2' ],
162 silly audit   'which-boxed-primitive': [ '1.1.1' ],
162 silly audit   'which-builtin-type': [ '1.2.1' ],
162 silly audit   'which-collection': [ '1.0.2' ],
162 silly audit   'which-typed-array': [ '1.1.20' ],
162 silly audit   'word-wrap': [ '1.2.5' ],
162 silly audit   yallist: [ '3.1.1' ],
162 silly audit   'yocto-queue': [ '0.1.0' ],
162 silly audit   zod: [ '3.25.76' ],
162 silly audit   'zod-validation-error': [ '4.0.2' ],
162 silly audit   tsx: [ '4.21.0' ],
162 silly audit   esbuild: [ '0.27.3' ],
162 silly audit   fsevents: [ '2.3.3' ],
162 silly audit   '@esbuild/aix-ppc64': [ '0.27.3' ],
162 silly audit   '@esbuild/android-arm': [ '0.27.3' ],
162 silly audit   '@esbuild/android-arm64': [ '0.27.3' ],
162 silly audit   '@esbuild/android-x64': [ '0.27.3' ],
162 silly audit   '@esbuild/darwin-arm64': [ '0.27.3' ],
162 silly audit   '@esbuild/darwin-x64': [ '0.27.3' ],
162 silly audit   '@esbuild/freebsd-arm64': [ '0.27.3' ],
162 silly audit   '@esbuild/freebsd-x64': [ '0.27.3' ],
162 silly audit   '@esbuild/linux-arm': [ '0.27.3' ],
162 silly audit   '@esbuild/linux-arm64': [ '0.27.3' ],
162 silly audit   '@esbuild/linux-ia32': [ '0.27.3' ],
162 silly audit   '@esbuild/linux-loong64': [ '0.27.3' ],
162 silly audit   '@esbuild/linux-mips64el': [ '0.27.3' ],
162 silly audit   '@esbuild/linux-ppc64': [ '0.27.3' ],
162 silly audit   '@esbuild/linux-riscv64': [ '0.27.3' ],
162 silly audit   '@esbuild/linux-s390x': [ '0.27.3' ],
162 silly audit   '@esbuild/linux-x64': [ '0.27.3' ],
162 silly audit   '@esbuild/netbsd-arm64': [ '0.27.3' ],
162 silly audit   '@esbuild/netbsd-x64': [ '0.27.3' ],
162 silly audit   '@esbuild/openbsd-arm64': [ '0.27.3' ],
162 silly audit   '@esbuild/openbsd-x64': [ '0.27.3' ],
162 silly audit   '@esbuild/openharmony-arm64': [ '0.27.3' ],
162 silly audit   '@esbuild/sunos-x64': [ '0.27.3' ],
162 silly audit   '@esbuild/win32-arm64': [ '0.27.3' ],
162 silly audit   '@esbuild/win32-ia32': [ '0.27.3' ],
162 silly audit   '@esbuild/win32-x64': [ '0.27.3' ],
162 silly audit   '@tailwindcss/oxide-wasm32-wasi': [ '4.1.18' ]
162 silly audit }
163 verbose reify failed optional dependency /Users/ishaanbajaj/Desktop/staysystems/storekeeper/node_modules/@esbuild/win32-x64
164 silly reify mark deleted [
164 silly reify   '/Users/ishaanbajaj/Desktop/staysystems/storekeeper/node_modules/@esbuild/win32-x64'
164 silly reify ]
165 verbose reify failed optional dependency /Users/ishaanbajaj/Desktop/staysystems/storekeeper/node_modules/@esbuild/win32-ia32
166 silly reify mark deleted [
166 silly reify   '/Users/ishaanbajaj/Desktop/staysystems/storekeeper/node_modules/@esbuild/win32-ia32'
166 silly reify ]
167 verbose reify failed optional dependency /Users/ishaanbajaj/Desktop/staysystems/storekeeper/node_modules/@esbuild/win32-arm64
168 silly reify mark deleted [
168 silly reify   '/Users/ishaanbajaj/Desktop/staysystems/storekeeper/node_modules/@esbuild/win32-arm64'
168 silly reify ]
169 verbose reify failed optional dependency /Users/ishaanbajaj/Desktop/staysystems/storekeeper/node_modules/@esbuild/sunos-x64
170 silly reify mark deleted [
170 silly reify   '/Users/ishaanbajaj/Desktop/staysystems/storekeeper/node_modules/@esbuild/sunos-x64'
170 silly reify ]
171 verbose reify failed optional dependency /Users/ishaanbajaj/Desktop/staysystems/storekeeper/node_modules/@esbuild/openharmony-arm64
172 silly reify mark deleted [
172 silly reify   '/Users/ishaanbajaj/Desktop/staysystems/storekeeper/node_modules/@esbuild/openharmony-arm64'
172 silly reify ]
173 verbose reify failed optional dependency /Users/ishaanbajaj/Desktop/staysystems/storekeeper/node_modules/@esbuild/openbsd-x64
174 silly reify mark deleted [
174 silly reify   '/Users/ishaanbajaj/Desktop/staysystems/storekeeper/node_modules/@esbuild/openbsd-x64'
174 silly reify ]
175 verbose reify failed optional dependency /Users/ishaanbajaj/Desktop/staysystems/storekeeper/node_modules/@esbuild/openbsd-arm64
176 silly reify mark deleted [
176 silly reify   '/Users/ishaanbajaj/Desktop/staysystems/storekeeper/node_modules/@esbuild/openbsd-arm64'
176 silly reify ]
177 verbose reify failed optional dependency /Users/ishaanbajaj/Desktop/staysystems/storekeeper/node_modules/@esbuild/netbsd-x64
178 silly reify mark deleted [
178 silly reify   '/Users/ishaanbajaj/Desktop/staysystems/storekeeper/node_modules/@esbuild/netbsd-x64'
178 silly reify ]
179 verbose reify failed optional dependency /Users/ishaanbajaj/Desktop/staysystems/storekeeper/node_modules/@esbuild/netbsd-arm64
180 silly reify mark deleted [
180 silly reify   '/Users/ishaanbajaj/Desktop/staysystems/storekeeper/node_modules/@esbuild/netbsd-arm64'
180 silly reify ]
181 verbose reify failed optional dependency /Users/ishaanbajaj/Desktop/staysystems/storekeeper/node_modules/@esbuild/linux-x64
182 silly reify mark deleted [
182 silly reify   '/Users/ishaanbajaj/Desktop/staysystems/storekeeper/node_modules/@esbuild/linux-x64'
182 silly reify ]
183 verbose reify failed optional dependency /Users/ishaanbajaj/Desktop/staysystems/storekeeper/node_modules/@esbuild/linux-s390x
184 silly reify mark deleted [
184 silly reify   '/Users/ishaanbajaj/Desktop/staysystems/storekeeper/node_modules/@esbuild/linux-s390x'
184 silly reify ]
185 verbose reify failed optional dependency /Users/ishaanbajaj/Desktop/staysystems/storekeeper/node_modules/@esbuild/linux-riscv64
186 silly reify mark deleted [
186 silly reify   '/Users/ishaanbajaj/Desktop/staysystems/storekeeper/node_modules/@esbuild/linux-riscv64'
186 silly reify ]
187 verbose reify failed optional dependency /Users/ishaanbajaj/Desktop/staysystems/storekeeper/node_modules/@esbuild/linux-ppc64
188 silly reify mark deleted [
188 silly reify   '/Users/ishaanbajaj/Desktop/staysystems/storekeeper/node_modules/@esbuild/linux-ppc64'
188 silly reify ]
189 verbose reify failed optional dependency /Users/ishaanbajaj/Desktop/staysystems/storekeeper/node_modules/@esbuild/linux-mips64el
190 silly reify mark deleted [
190 silly reify   '/Users/ishaanbajaj/Desktop/staysystems/storekeeper/node_modules/@esbuild/linux-mips64el'
190 silly reify ]
191 verbose reify failed optional dependency /Users/ishaanbajaj/Desktop/staysystems/storekeeper/node_modules/@esbuild/linux-loong64
192 silly reify mark deleted [
192 silly reify   '/Users/ishaanbajaj/Desktop/staysystems/storekeeper/node_modules/@esbuild/linux-loong64'
192 silly reify ]
193 verbose reify failed optional dependency /Users/ishaanbajaj/Desktop/staysystems/storekeeper/node_modules/@esbuild/linux-ia32
194 silly reify mark deleted [
194 silly reify   '/Users/ishaanbajaj/Desktop/staysystems/storekeeper/node_modules/@esbuild/linux-ia32'
194 silly reify ]
195 verbose reify failed optional dependency /Users/ishaanbajaj/Desktop/staysystems/storekeeper/node_modules/@esbuild/linux-arm64
196 silly reify mark deleted [
196 silly reify   '/Users/ishaanbajaj/Desktop/staysystems/storekeeper/node_modules/@esbuild/linux-arm64'
196 silly reify ]
197 verbose reify failed optional dependency /Users/ishaanbajaj/Desktop/staysystems/storekeeper/node_modules/@esbuild/linux-arm
198 silly reify mark deleted [
198 silly reify   '/Users/ishaanbajaj/Desktop/staysystems/storekeeper/node_modules/@esbuild/linux-arm'
198 silly reify ]
199 verbose reify failed optional dependency /Users/ishaanbajaj/Desktop/staysystems/storekeeper/node_modules/@esbuild/freebsd-x64
200 silly reify mark deleted [
200 silly reify   '/Users/ishaanbajaj/Desktop/staysystems/storekeeper/node_modules/@esbuild/freebsd-x64'
200 silly reify ]
201 verbose reify failed optional dependency /Users/ishaanbajaj/Desktop/staysystems/storekeeper/node_modules/@esbuild/freebsd-arm64
202 silly reify mark deleted [
202 silly reify   '/Users/ishaanbajaj/Desktop/staysystems/storekeeper/node_modules/@esbuild/freebsd-arm64'
202 silly reify ]
203 verbose reify failed optional dependency /Users/ishaanbajaj/Desktop/staysystems/storekeeper/node_modules/@esbuild/darwin-x64
204 silly reify mark deleted [
204 silly reify   '/Users/ishaanbajaj/Desktop/staysystems/storekeeper/node_modules/@esbuild/darwin-x64'
204 silly reify ]
205 verbose reify failed optional dependency /Users/ishaanbajaj/Desktop/staysystems/storekeeper/node_modules/@esbuild/android-x64
206 silly reify mark deleted [
206 silly reify   '/Users/ishaanbajaj/Desktop/staysystems/storekeeper/node_modules/@esbuild/android-x64'
206 silly reify ]
207 verbose reify failed optional dependency /Users/ishaanbajaj/Desktop/staysystems/storekeeper/node_modules/@esbuild/android-arm64
208 silly reify mark deleted [
208 silly reify   '/Users/ishaanbajaj/Desktop/staysystems/storekeeper/node_modules/@esbuild/android-arm64'
208 silly reify ]
209 verbose reify failed optional dependency /Users/ishaanbajaj/Desktop/staysystems/storekeeper/node_modules/@esbuild/android-arm
210 silly reify mark deleted [
210 silly reify   '/Users/ishaanbajaj/Desktop/staysystems/storekeeper/node_modules/@esbuild/android-arm'
210 silly reify ]
211 verbose reify failed optional dependency /Users/ishaanbajaj/Desktop/staysystems/storekeeper/node_modules/@esbuild/aix-ppc64
212 silly reify mark deleted [
212 silly reify   '/Users/ishaanbajaj/Desktop/staysystems/storekeeper/node_modules/@esbuild/aix-ppc64'
212 silly reify ]
213 verbose reify failed optional dependency /Users/ishaanbajaj/Desktop/staysystems/storekeeper/node_modules/lightningcss-win32-x64-msvc
214 silly reify mark deleted [
214 silly reify   '/Users/ishaanbajaj/Desktop/staysystems/storekeeper/node_modules/lightningcss-win32-x64-msvc'
214 silly reify ]
215 verbose reify failed optional dependency /Users/ishaanbajaj/Desktop/staysystems/storekeeper/node_modules/lightningcss-win32-arm64-msvc
216 silly reify mark deleted [
216 silly reify   '/Users/ishaanbajaj/Desktop/staysystems/storekeeper/node_modules/lightningcss-win32-arm64-msvc'
216 silly reify ]
217 verbose reify failed optional dependency /Users/ishaanbajaj/Desktop/staysystems/storekeeper/node_modules/lightningcss-linux-x64-musl
218 silly reify mark deleted [
218 silly reify   '/Users/ishaanbajaj/Desktop/staysystems/storekeeper/node_modules/lightningcss-linux-x64-musl'
218 silly reify ]
219 verbose reify failed optional dependency /Users/ishaanbajaj/Desktop/staysystems/storekeeper/node_modules/lightningcss-linux-x64-gnu
220 silly reify mark deleted [
220 silly reify   '/Users/ishaanbajaj/Desktop/staysystems/storekeeper/node_modules/lightningcss-linux-x64-gnu'
220 silly reify ]
221 verbose reify failed optional dependency /Users/ishaanbajaj/Desktop/staysystems/storekeeper/node_modules/lightningcss-linux-arm64-musl
222 silly reify mark deleted [
222 silly reify   '/Users/ishaanbajaj/Desktop/staysystems/storekeeper/node_modules/lightningcss-linux-arm64-musl'
222 silly reify ]
223 verbose reify failed optional dependency /Users/ishaanbajaj/Desktop/staysystems/storekeeper/node_modules/lightningcss-linux-arm64-gnu
224 silly reify mark deleted [
224 silly reify   '/Users/ishaanbajaj/Desktop/staysystems/storekeeper/node_modules/lightningcss-linux-arm64-gnu'
224 silly reify ]
225 verbose reify failed optional dependency /Users/ishaanbajaj/Desktop/staysystems/storekeeper/node_modules/lightningcss-linux-arm-gnueabihf
226 silly reify mark deleted [
226 silly reify   '/Users/ishaanbajaj/Desktop/staysystems/storekeeper/node_modules/lightningcss-linux-arm-gnueabihf'
226 silly reify ]
227 verbose reify failed optional dependency /Users/ishaanbajaj/Desktop/staysystems/storekeeper/node_modules/lightningcss-freebsd-x64
228 silly reify mark deleted [
228 silly reify   '/Users/ishaanbajaj/Desktop/staysystems/storekeeper/node_modules/lightningcss-freebsd-x64'
228 silly reify ]
229 verbose reify failed optional dependency /Users/ishaanbajaj/Desktop/staysystems/storekeeper/node_modules/lightningcss-darwin-x64
230 silly reify mark deleted [
230 silly reify   '/Users/ishaanbajaj/Desktop/staysystems/storekeeper/node_modules/lightningcss-darwin-x64'
230 silly reify ]
231 verbose reify failed optional dependency /Users/ishaanbajaj/Desktop/staysystems/storekeeper/node_modules/lightningcss-android-arm64
232 silly reify mark deleted [
232 silly reify   '/Users/ishaanbajaj/Desktop/staysystems/storekeeper/node_modules/lightningcss-android-arm64'
232 silly reify ]
233 verbose reify failed optional dependency /Users/ishaanbajaj/Desktop/staysystems/storekeeper/node_modules/@unrs/resolver-binding-win32-x64-msvc
234 silly reify mark deleted [
234 silly reify   '/Users/ishaanbajaj/Desktop/staysystems/storekeeper/node_modules/@unrs/resolver-binding-win32-x64-msvc'
234 silly reify ]
235 verbose reify failed optional dependency /Users/ishaanbajaj/Desktop/staysystems/storekeeper/node_modules/@unrs/resolver-binding-win32-ia32-msvc
236 silly reify mark deleted [
236 silly reify   '/Users/ishaanbajaj/Desktop/staysystems/storekeeper/node_modules/@unrs/resolver-binding-win32-ia32-msvc'
236 silly reify ]
237 verbose reify failed optional dependency /Users/ishaanbajaj/Desktop/staysystems/storekeeper/node_modules/@unrs/resolver-binding-win32-arm64-msvc
238 silly reify mark deleted [
238 silly reify   '/Users/ishaanbajaj/Desktop/staysystems/storekeeper/node_modules/@unrs/resolver-binding-win32-arm64-msvc'
238 silly reify ]
239 verbose reify failed optional dependency /Users/ishaanbajaj/Desktop/staysystems/storekeeper/node_modules/@unrs/resolver-binding-wasm32-wasi
240 silly reify mark deleted [
240 silly reify   '/Users/ishaanbajaj/Desktop/staysystems/storekeeper/node_modules/@unrs/resolver-binding-wasm32-wasi'
240 silly reify ]
241 verbose reify failed optional dependency /Users/ishaanbajaj/Desktop/staysystems/storekeeper/node_modules/@unrs/resolver-binding-linux-x64-musl
242 silly reify mark deleted [
242 silly reify   '/Users/ishaanbajaj/Desktop/staysystems/storekeeper/node_modules/@unrs/resolver-binding-linux-x64-musl'
242 silly reify ]
243 verbose reify failed optional dependency /Users/ishaanbajaj/Desktop/staysystems/storekeeper/node_modules/@unrs/resolver-binding-linux-x64-gnu
244 silly reify mark deleted [
244 silly reify   '/Users/ishaanbajaj/Desktop/staysystems/storekeeper/node_modules/@unrs/resolver-binding-linux-x64-gnu'
244 silly reify ]
245 verbose reify failed optional dependency /Users/ishaanbajaj/Desktop/staysystems/storekeeper/node_modules/@unrs/resolver-binding-linux-s390x-gnu
246 silly reify mark deleted [
246 silly reify   '/Users/ishaanbajaj/Desktop/staysystems/storekeeper/node_modules/@unrs/resolver-binding-linux-s390x-gnu'
246 silly reify ]
247 verbose reify failed optional dependency /Users/ishaanbajaj/Desktop/staysystems/storekeeper/node_modules/@unrs/resolver-binding-linux-riscv64-musl
248 silly reify mark deleted [
248 silly reify   '/Users/ishaanbajaj/Desktop/staysystems/storekeeper/node_modules/@unrs/resolver-binding-linux-riscv64-musl'
248 silly reify ]
249 verbose reify failed optional dependency /Users/ishaanbajaj/Desktop/staysystems/storekeeper/node_modules/@unrs/resolver-binding-linux-riscv64-gnu
250 silly reify mark deleted [
250 silly reify   '/Users/ishaanbajaj/Desktop/staysystems/storekeeper/node_modules/@unrs/resolver-binding-linux-riscv64-gnu'
250 silly reify ]
251 verbose reify failed optional dependency /Users/ishaanbajaj/Desktop/staysystems/storekeeper/node_modules/@unrs/resolver-binding-linux-ppc64-gnu
252 silly reify mark deleted [
252 silly reify   '/Users/ishaanbajaj/Desktop/staysystems/storekeeper/node_modules/@unrs/resolver-binding-linux-ppc64-gnu'
252 silly reify ]
253 verbose reify failed optional dependency /Users/ishaanbajaj/Desktop/staysystems/storekeeper/node_modules/@unrs/resolver-binding-linux-arm64-musl
254 silly reify mark deleted [
254 silly reify   '/Users/ishaanbajaj/Desktop/staysystems/storekeeper/node_modules/@unrs/resolver-binding-linux-arm64-musl'
254 silly reify ]
255 verbose reify failed optional dependency /Users/ishaanbajaj/Desktop/staysystems/storekeeper/node_modules/@unrs/resolver-binding-linux-arm64-gnu
256 silly reify mark deleted [
256 silly reify   '/Users/ishaanbajaj/Desktop/staysystems/storekeeper/node_modules/@unrs/resolver-binding-linux-arm64-gnu'
256 silly reify ]
257 verbose reify failed optional dependency /Users/ishaanbajaj/Desktop/staysystems/storekeeper/node_modules/@unrs/resolver-binding-linux-arm-musleabihf
258 silly reify mark deleted [
258 silly reify   '/Users/ishaanbajaj/Desktop/staysystems/storekeeper/node_modules/@unrs/resolver-binding-linux-arm-musleabihf'
258 silly reify ]
259 verbose reify failed optional dependency /Users/ishaanbajaj/Desktop/staysystems/storekeeper/node_modules/@unrs/resolver-binding-linux-arm-gnueabihf
260 silly reify mark deleted [
260 silly reify   '/Users/ishaanbajaj/Desktop/staysystems/storekeeper/node_modules/@unrs/resolver-binding-linux-arm-gnueabihf'
260 silly reify ]
261 verbose reify failed optional dependency /Users/ishaanbajaj/Desktop/staysystems/storekeeper/node_modules/@unrs/resolver-binding-freebsd-x64
262 silly reify mark deleted [
262 silly reify   '/Users/ishaanbajaj/Desktop/staysystems/storekeeper/node_modules/@unrs/resolver-binding-freebsd-x64'
262 silly reify ]
263 verbose reify failed optional dependency /Users/ishaanbajaj/Desktop/staysystems/storekeeper/node_modules/@unrs/resolver-binding-darwin-x64
264 silly reify mark deleted [
264 silly reify   '/Users/ishaanbajaj/Desktop/staysystems/storekeeper/node_modules/@unrs/resolver-binding-darwin-x64'
264 silly reify ]
265 verbose reify failed optional dependency /Users/ishaanbajaj/Desktop/staysystems/storekeeper/node_modules/@unrs/resolver-binding-android-arm64
266 silly reify mark deleted [
266 silly reify   '/Users/ishaanbajaj/Desktop/staysystems/storekeeper/node_modules/@unrs/resolver-binding-android-arm64'
266 silly reify ]
267 verbose reify failed optional dependency /Users/ishaanbajaj/Desktop/staysystems/storekeeper/node_modules/@unrs/resolver-binding-android-arm-eabi
268 silly reify mark deleted [
268 silly reify   '/Users/ishaanbajaj/Desktop/staysystems/storekeeper/node_modules/@unrs/resolver-binding-android-arm-eabi'
268 silly reify ]
269 verbose reify failed optional dependency /Users/ishaanbajaj/Desktop/staysystems/storekeeper/node_modules/@tailwindcss/oxide-win32-x64-msvc
270 silly reify mark deleted [
270 silly reify   '/Users/ishaanbajaj/Desktop/staysystems/storekeeper/node_modules/@tailwindcss/oxide-win32-x64-msvc'
270 silly reify ]
271 verbose reify failed optional dependency /Users/ishaanbajaj/Desktop/staysystems/storekeeper/node_modules/@tailwindcss/oxide-win32-arm64-msvc
272 silly reify mark deleted [
272 silly reify   '/Users/ishaanbajaj/Desktop/staysystems/storekeeper/node_modules/@tailwindcss/oxide-win32-arm64-msvc'
272 silly reify ]
273 verbose reify failed optional dependency /Users/ishaanbajaj/Desktop/staysystems/storekeeper/node_modules/@tailwindcss/oxide-linux-x64-musl
274 silly reify mark deleted [
274 silly reify   '/Users/ishaanbajaj/Desktop/staysystems/storekeeper/node_modules/@tailwindcss/oxide-linux-x64-musl'
274 silly reify ]
275 verbose reify failed optional dependency /Users/ishaanbajaj/Desktop/staysystems/storekeeper/node_modules/@tailwindcss/oxide-linux-x64-gnu
276 silly reify mark deleted [
276 silly reify   '/Users/ishaanbajaj/Desktop/staysystems/storekeeper/node_modules/@tailwindcss/oxide-linux-x64-gnu'
276 silly reify ]
277 verbose reify failed optional dependency /Users/ishaanbajaj/Desktop/staysystems/storekeeper/node_modules/@tailwindcss/oxide-linux-arm64-musl
278 silly reify mark deleted [
278 silly reify   '/Users/ishaanbajaj/Desktop/staysystems/storekeeper/node_modules/@tailwindcss/oxide-linux-arm64-musl'
278 silly reify ]
279 verbose reify failed optional dependency /Users/ishaanbajaj/Desktop/staysystems/storekeeper/node_modules/@tailwindcss/oxide-linux-arm64-gnu
280 silly reify mark deleted [
280 silly reify   '/Users/ishaanbajaj/Desktop/staysystems/storekeeper/node_modules/@tailwindcss/oxide-linux-arm64-gnu'
280 silly reify ]
281 verbose reify failed optional dependency /Users/ishaanbajaj/Desktop/staysystems/storekeeper/node_modules/@tailwindcss/oxide-linux-arm-gnueabihf
282 silly reify mark deleted [
282 silly reify   '/Users/ishaanbajaj/Desktop/staysystems/storekeeper/node_modules/@tailwindcss/oxide-linux-arm-gnueabihf'
282 silly reify ]
283 verbose reify failed optional dependency /Users/ishaanbajaj/Desktop/staysystems/storekeeper/node_modules/@tailwindcss/oxide-freebsd-x64
284 silly reify mark deleted [
284 silly reify   '/Users/ishaanbajaj/Desktop/staysystems/storekeeper/node_modules/@tailwindcss/oxide-freebsd-x64'
284 silly reify ]
285 verbose reify failed optional dependency /Users/ishaanbajaj/Desktop/staysystems/storekeeper/node_modules/@tailwindcss/oxide-darwin-x64
286 silly reify mark deleted [
286 silly reify   '/Users/ishaanbajaj/Desktop/staysystems/storekeeper/node_modules/@tailwindcss/oxide-darwin-x64'
286 silly reify ]
287 verbose reify failed optional dependency /Users/ishaanbajaj/Desktop/staysystems/storekeeper/node_modules/@tailwindcss/oxide-android-arm64
288 silly reify mark deleted [
288 silly reify   '/Users/ishaanbajaj/Desktop/staysystems/storekeeper/node_modules/@tailwindcss/oxide-android-arm64'
288 silly reify ]
289 verbose reify failed optional dependency /Users/ishaanbajaj/Desktop/staysystems/storekeeper/node_modules/@next/swc-win32-x64-msvc
290 silly reify mark deleted [
290 silly reify   '/Users/ishaanbajaj/Desktop/staysystems/storekeeper/node_modules/@next/swc-win32-x64-msvc'
290 silly reify ]
291 verbose reify failed optional dependency /Users/ishaanbajaj/Desktop/staysystems/storekeeper/node_modules/@next/swc-win32-arm64-msvc
292 silly reify mark deleted [
292 silly reify   '/Users/ishaanbajaj/Desktop/staysystems/storekeeper/node_modules/@next/swc-win32-arm64-msvc'
292 silly reify ]
293 verbose reify failed optional dependency /Users/ishaanbajaj/Desktop/staysystems/storekeeper/node_modules/@next/swc-linux-x64-musl
294 silly reify mark deleted [
294 silly reify   '/Users/ishaanbajaj/Desktop/staysystems/storekeeper/node_modules/@next/swc-linux-x64-musl'
294 silly reify ]
295 verbose reify failed optional dependency /Users/ishaanbajaj/Desktop/staysystems/storekeeper/node_modules/@next/swc-linux-x64-gnu
296 silly reify mark deleted [
296 silly reify   '/Users/ishaanbajaj/Desktop/staysystems/storekeeper/node_modules/@next/swc-linux-x64-gnu'
296 silly reify ]
297 verbose reify failed optional dependency /Users/ishaanbajaj/Desktop/staysystems/storekeeper/node_modules/@next/swc-linux-arm64-musl
298 silly reify mark deleted [
298 silly reify   '/Users/ishaanbajaj/Desktop/staysystems/storekeeper/node_modules/@next/swc-linux-arm64-musl'
298 silly reify ]
299 verbose reify failed optional dependency /Users/ishaanbajaj/Desktop/staysystems/storekeeper/node_modules/@next/swc-linux-arm64-gnu
300 silly reify mark deleted [
300 silly reify   '/Users/ishaanbajaj/Desktop/staysystems/storekeeper/node_modules/@next/swc-linux-arm64-gnu'
300 silly reify ]
301 verbose reify failed optional dependency /Users/ishaanbajaj/Desktop/staysystems/storekeeper/node_modules/@next/swc-darwin-x64
302 silly reify mark deleted [
302 silly reify   '/Users/ishaanbajaj/Desktop/staysystems/storekeeper/node_modules/@next/swc-darwin-x64'
302 silly reify ]
303 verbose reify failed optional dependency /Users/ishaanbajaj/Desktop/staysystems/storekeeper/node_modules/@img/sharp-win32-x64
304 silly reify mark deleted [
304 silly reify   '/Users/ishaanbajaj/Desktop/staysystems/storekeeper/node_modules/@img/sharp-win32-x64'
304 silly reify ]
305 verbose reify failed optional dependency /Users/ishaanbajaj/Desktop/staysystems/storekeeper/node_modules/@img/sharp-win32-ia32
306 silly reify mark deleted [
306 silly reify   '/Users/ishaanbajaj/Desktop/staysystems/storekeeper/node_modules/@img/sharp-win32-ia32'
306 silly reify ]
307 verbose reify failed optional dependency /Users/ishaanbajaj/Desktop/staysystems/storekeeper/node_modules/@img/sharp-win32-arm64
308 silly reify mark deleted [
308 silly reify   '/Users/ishaanbajaj/Desktop/staysystems/storekeeper/node_modules/@img/sharp-win32-arm64'
308 silly reify ]
309 verbose reify failed optional dependency /Users/ishaanbajaj/Desktop/staysystems/storekeeper/node_modules/@img/sharp-wasm32
310 silly reify mark deleted [
310 silly reify   '/Users/ishaanbajaj/Desktop/staysystems/storekeeper/node_modules/@img/sharp-wasm32'
310 silly reify ]
311 verbose reify failed optional dependency /Users/ishaanbajaj/Desktop/staysystems/storekeeper/node_modules/@img/sharp-linuxmusl-x64
312 silly reify mark deleted [
312 silly reify   '/Users/ishaanbajaj/Desktop/staysystems/storekeeper/node_modules/@img/sharp-linuxmusl-x64'
312 silly reify ]
313 verbose reify failed optional dependency /Users/ishaanbajaj/Desktop/staysystems/storekeeper/node_modules/@img/sharp-linuxmusl-arm64
314 silly reify mark deleted [
314 silly reify   '/Users/ishaanbajaj/Desktop/staysystems/storekeeper/node_modules/@img/sharp-linuxmusl-arm64'
314 silly reify ]
315 verbose reify failed optional dependency /Users/ishaanbajaj/Desktop/staysystems/storekeeper/node_modules/@img/sharp-linux-x64
316 silly reify mark deleted [
316 silly reify   '/Users/ishaanbajaj/Desktop/staysystems/storekeeper/node_modules/@img/sharp-linux-x64'
316 silly reify ]
317 verbose reify failed optional dependency /Users/ishaanbajaj/Desktop/staysystems/storekeeper/node_modules/@img/sharp-linux-s390x
318 silly reify mark deleted [
318 silly reify   '/Users/ishaanbajaj/Desktop/staysystems/storekeeper/node_modules/@img/sharp-linux-s390x'
318 silly reify ]
319 verbose reify failed optional dependency /Users/ishaanbajaj/Desktop/staysystems/storekeeper/node_modules/@img/sharp-linux-riscv64
320 silly reify mark deleted [
320 silly reify   '/Users/ishaanbajaj/Desktop/staysystems/storekeeper/node_modules/@img/sharp-linux-riscv64'
320 silly reify ]
321 verbose reify failed optional dependency /Users/ishaanbajaj/Desktop/staysystems/storekeeper/node_modules/@img/sharp-linux-ppc64
322 silly reify mark deleted [
322 silly reify   '/Users/ishaanbajaj/Desktop/staysystems/storekeeper/node_modules/@img/sharp-linux-ppc64'
322 silly reify ]
323 verbose reify failed optional dependency /Users/ishaanbajaj/Desktop/staysystems/storekeeper/node_modules/@img/sharp-linux-arm64
324 silly reify mark deleted [
324 silly reify   '/Users/ishaanbajaj/Desktop/staysystems/storekeeper/node_modules/@img/sharp-linux-arm64'
324 silly reify ]
325 verbose reify failed optional dependency /Users/ishaanbajaj/Desktop/staysystems/storekeeper/node_modules/@img/sharp-linux-arm
326 silly reify mark deleted [
326 silly reify   '/Users/ishaanbajaj/Desktop/staysystems/storekeeper/node_modules/@img/sharp-linux-arm'
326 silly reify ]
327 verbose reify failed optional dependency /Users/ishaanbajaj/Desktop/staysystems/storekeeper/node_modules/@img/sharp-libvips-linuxmusl-x64
328 silly reify mark deleted [
328 silly reify   '/Users/ishaanbajaj/Desktop/staysystems/storekeeper/node_modules/@img/sharp-libvips-linuxmusl-x64'
328 silly reify ]
329 verbose reify failed optional dependency /Users/ishaanbajaj/Desktop/staysystems/storekeeper/node_modules/@img/sharp-libvips-linuxmusl-arm64
330 silly reify mark deleted [
330 silly reify   '/Users/ishaanbajaj/Desktop/staysystems/storekeeper/node_modules/@img/sharp-libvips-linuxmusl-arm64'
330 silly reify ]
331 verbose reify failed optional dependency /Users/ishaanbajaj/Desktop/staysystems/storekeeper/node_modules/@img/sharp-libvips-linux-x64
332 silly reify mark deleted [
332 silly reify   '/Users/ishaanbajaj/Desktop/staysystems/storekeeper/node_modules/@img/sharp-libvips-linux-x64'
332 silly reify ]
333 verbose reify failed optional dependency /Users/ishaanbajaj/Desktop/staysystems/storekeeper/node_modules/@img/sharp-libvips-linux-s390x
334 silly reify mark deleted [
334 silly reify   '/Users/ishaanbajaj/Desktop/staysystems/storekeeper/node_modules/@img/sharp-libvips-linux-s390x'
334 silly reify ]
335 verbose reify failed optional dependency /Users/ishaanbajaj/Desktop/staysystems/storekeeper/node_modules/@img/sharp-libvips-linux-riscv64
336 silly reify mark deleted [
336 silly reify   '/Users/ishaanbajaj/Desktop/staysystems/storekeeper/node_modules/@img/sharp-libvips-linux-riscv64'
336 silly reify ]
337 verbose reify failed optional dependency /Users/ishaanbajaj/Desktop/staysystems/storekeeper/node_modules/@img/sharp-libvips-linux-ppc64
338 silly reify mark deleted [
338 silly reify   '/Users/ishaanbajaj/Desktop/staysystems/storekeeper/node_modules/@img/sharp-libvips-linux-ppc64'
338 silly reify ]
339 verbose reify failed optional dependency /Users/ishaanbajaj/Desktop/staysystems/storekeeper/node_modules/@img/sharp-libvips-linux-arm64
340 silly reify mark deleted [
340 silly reify   '/Users/ishaanbajaj/Desktop/staysystems/storekeeper/node_modules/@img/sharp-libvips-linux-arm64'
340 silly reify ]
341 verbose reify failed optional dependency /Users/ishaanbajaj/Desktop/staysystems/storekeeper/node_modules/@img/sharp-libvips-linux-arm
342 silly reify mark deleted [
342 silly reify   '/Users/ishaanbajaj/Desktop/staysystems/storekeeper/node_modules/@img/sharp-libvips-linux-arm'
342 silly reify ]
343 verbose reify failed optional dependency /Users/ishaanbajaj/Desktop/staysystems/storekeeper/node_modules/@img/sharp-libvips-darwin-x64
344 silly reify mark deleted [
344 silly reify   '/Users/ishaanbajaj/Desktop/staysystems/storekeeper/node_modules/@img/sharp-libvips-darwin-x64'
344 silly reify ]
345 verbose reify failed optional dependency /Users/ishaanbajaj/Desktop/staysystems/storekeeper/node_modules/@img/sharp-darwin-x64
346 silly reify mark deleted [
346 silly reify   '/Users/ishaanbajaj/Desktop/staysystems/storekeeper/node_modules/@img/sharp-darwin-x64'
346 silly reify ]
347 http cache fsevents@https://registry.npmjs.org/fsevents/-/fsevents-2.3.3.tgz 0ms (cache hit)
348 http cache tsx@https://registry.npmjs.org/tsx/-/tsx-4.21.0.tgz 0ms (cache hit)
349 http cache esbuild@https://registry.npmjs.org/esbuild/-/esbuild-0.27.3.tgz 0ms (cache hit)
350 http cache @esbuild/darwin-arm64@https://registry.npmjs.org/@esbuild/darwin-arm64/-/darwin-arm64-0.27.3.tgz 0ms (cache hit)
351 silly tarball no local data for fsevents@https://registry.npmjs.org/fsevents/-/fsevents-2.3.3.tgz. Extracting by manifest.
352 silly tarball no local data for tsx@https://registry.npmjs.org/tsx/-/tsx-4.21.0.tgz. Extracting by manifest.
353 silly tarball no local data for esbuild@https://registry.npmjs.org/esbuild/-/esbuild-0.27.3.tgz. Extracting by manifest.
354 silly tarball no local data for @esbuild/darwin-arm64@https://registry.npmjs.org/@esbuild/darwin-arm64/-/darwin-arm64-0.27.3.tgz. Extracting by manifest.
355 http fetch GET 200 https://registry.npmjs.org/fsevents/-/fsevents-2.3.3.tgz 40ms (cache miss)
356 http fetch GET 200 https://registry.npmjs.org/tsx/-/tsx-4.21.0.tgz 53ms (cache miss)
357 http fetch GET 200 https://registry.npmjs.org/esbuild/-/esbuild-0.27.3.tgz 53ms (cache miss)
358 http fetch POST 200 https://registry.npmjs.org/-/npm/v1/security/advisories/bulk 285ms
359 silly audit report {}
360 http fetch GET 200 https://registry.npmjs.org/@esbuild/darwin-arm64/-/darwin-arm64-0.27.3.tgz 471ms (cache miss)
361 info run fsevents@2.3.3 install node_modules/fsevents node-gyp rebuild
362 info run fsevents@2.3.3 install { code: 1, signal: null }
363 verbose reify failed optional dependency /Users/ishaanbajaj/Desktop/staysystems/storekeeper/node_modules/fsevents
364 silly reify mark deleted [
364 silly reify   '/Users/ishaanbajaj/Desktop/staysystems/storekeeper/node_modules/fsevents'
364 silly reify ]
365 info run esbuild@0.27.3 postinstall node_modules/esbuild node install.js
366 info run esbuild@0.27.3 postinstall { code: 0, signal: null }
367 silly ADD
368 silly ADD
369 silly ADD
370 silly ADD
371 silly ADD
372 silly ADD
373 silly ADD
374 silly ADD
375 silly ADD
376 silly ADD
377 silly ADD
378 silly ADD
379 silly ADD
380 silly ADD
381 silly ADD
382 silly ADD
383 silly ADD
384 silly ADD
385 silly ADD
386 silly ADD
387 silly ADD
388 silly ADD node_modules/@esbuild/darwin-arm64
389 silly ADD
390 silly ADD
391 silly ADD
392 silly ADD
393 silly ADD
394 silly ADD node_modules/esbuild
395 silly ADD node_modules/tsx
396 silly ADD
397 silly ADD
398 silly ADD
399 silly ADD
400 silly ADD
401 silly ADD
402 silly ADD
403 silly ADD
404 silly ADD
405 silly ADD
406 silly ADD
407 silly ADD
408 silly ADD
409 silly ADD
410 silly ADD
411 silly ADD
412 silly ADD
413 silly ADD
414 silly ADD
415 silly ADD
416 silly ADD
417 silly ADD
418 silly ADD
419 silly ADD
420 silly ADD
421 silly ADD
422 silly ADD
423 silly ADD
424 silly ADD
425 silly ADD
426 silly ADD
427 silly ADD
428 silly ADD
429 silly ADD
430 silly ADD
431 silly ADD
432 silly ADD
433 silly ADD
434 silly ADD
435 silly ADD
436 silly ADD
437 silly ADD
438 silly ADD
439 silly ADD
440 silly ADD
441 silly ADD
442 silly ADD
443 silly ADD
444 silly ADD
445 silly ADD
446 silly ADD
447 silly ADD
448 silly ADD
449 silly ADD
450 silly ADD
451 silly ADD
452 silly ADD
453 silly ADD
454 silly ADD
455 silly ADD
456 silly ADD
457 silly ADD
458 silly ADD
459 silly ADD
460 silly ADD
461 silly ADD
462 silly ADD
463 silly ADD
464 verbose cwd /Users/ishaanbajaj/Desktop/staysystems/storekeeper
465 verbose os Darwin 24.6.0
466 verbose node v22.22.0
467 verbose npm  v10.9.4
468 verbose exit 0
469 info ok
